<?xml version="1.0" encoding="UTF-8"?>
<!-- Generated by org.testng.reporters.JUnitXMLReporter -->
<testsuite ignored="2" hostname="DESKTOP-KGVPSEL" failures="0" tests="4" name="Surefire test" time="45.98" errors="0" timestamp="2025-07-20T18:36:50 IST">
  <testcase classname="tests.EntrataTests" name="testSignInButton" time="11.848"/>
  <testcase classname="tests.EntrataTests" name="testAffordableNavigation" time="9.287"/>
  <testcase classname="tests.EntrataTests" name="testVideoPlay" time="5.883"/>
  <testcase classname="tests.EntrataTests" name="testDemo" time="15.886"/>
  <testcase classname="base.BaseTest" name="@BeforeSuite initializeExtentReports" time="0.0">
    <ignored/>
  </testcase> <!-- @BeforeSuite initializeExtentReports -->
  <testcase classname="base.BaseTest" name="@AfterSuite flushExtentReports" time="0.0">
    <ignored/>
  </testcase> <!-- @AfterSuite flushExtentReports -->
</testsuite> <!-- Surefire test -->
