<?xml version="1.0" encoding="UTF-8"?>
<!-- Generated by org.testng.reporters.JUnitXMLReporter -->
<testsuite ignored="0" hostname="DESKTOP-KGVPSEL" failures="0" tests="4" name="Default test" time="63.898" errors="0" timestamp="2025-07-21T01:18:57 IST">
  <testcase classname="tests.SeleniumTestsEntrata" name="testSignInButton" time="4.485"/>
  <testcase classname="tests.SeleniumTestsEntrata" name="testAffordableNavigation" time="4.836"/>
  <testcase classname="tests.SeleniumTestsEntrata" name="testVideoPlay" time="2.026"/>
  <testcase classname="tests.SeleniumTestsEntrata" name="testDemo" time="6.799"/>
</testsuite> <!-- Default test -->
