<?xml version="1.0" encoding="UTF-8"?>
<!-- Generated by org.testng.reporters.JUnitXMLReporter -->
<testsuite ignored="0" hostname="DESKTOP-KGVPSEL" failures="1" tests="6" name="Entrata Functional Tests" time="162.189" errors="0" timestamp="2025-07-20T15:00:27 IST">
  <testcase classname="tests.EntrataTests" name="testSignInButton" time="35.046"/>
  <testcase classname="tests.EntrataTests" name="testAffordableNavigation" time="9.737"/>
  <testcase classname="tests.EntrataTests" name="testDemoForm" time="9.896"/>
  <testcase classname="tests.EntrataTests" name="testHomeSliderTransition" time="36.971"/>
  <testcase classname="tests.EntrataTests" name="testCareersNavigation" time="53.853"/>
  <testcase classname="tests.EntrataTests" name="testVideoPlaybackPresence" time="6.886">
    <failure type="java.lang.AssertionError" message="Expected video to be playable with visible play button expected [true] but found [false]">
      <![CDATA[java.lang.AssertionError: Expected video to be playable with visible play button expected [true] but found [false]
at tests.EntrataTests.testVideoPlaybackPresence(EntrataTests.java:200)
at java.base/java.util.ArrayList.forEach(ArrayList.java:1511)
... Removed 30 stack frames]]>
    </failure>
  </testcase> <!-- testVideoPlaybackPresence -->
</testsuite> <!-- Entrata Functional Tests -->
