<?xml version="1.0" encoding="UTF-8"?>
<testsuite xmlns:xsi="http://www.w3.org/2001/XMLSchema-instance" xsi:noNamespaceSchemaLocation="https://maven.apache.org/surefire/maven-surefire-plugin/xsd/surefire-test-report-3.0.xsd" version="3.0" name="TestSuite" time="48.297" tests="4" errors="0" skipped="0" failures="0">
  <properties>
[...]
</properties>
  <testcase name="testSignInButton" classname="tests.EntrataTests" time="11.831">
    <system-out><![CDATA[[2025-07-20 18:36:04] [main] INFO  BaseTest - ExtentReports initialized.
[2025-07-20 18:36:04] [main] INFO  EntrataTests - Reading browser configuration...
[2025-07-20 18:36:07] [main] INFO  EntrataTests - Chrome browser launched and maximized.
[2025-07-20 18:36:07] [main] INFO  EntrataTests - Test: Sign In button and Click it
[2025-07-20 18:36:07] [main] INFO  Home - Opening URL: https://www.entrata.com
[2025-07-20 18:36:14] [main] INFO  Home - Find Sign In button on homepage and click on it
[2025-07-20 18:36:18] [main] INFO  ScreenshotUtil - Screenshot saved to: screenshots/Click_SignIn_Button_20250720_183618.png
[2025-07-20 18:36:18] [main] INFO  EntrataTests - Page title after navigation: Entrata Sign In
]]></system-out>
    <system-err><![CDATA[SLF4J(W): No SLF4J providers were found.
SLF4J(W): Defaulting to no-operation (NOP) logger implementation
SLF4J(W): See https://www.slf4j.org/codes.html#noProviders for further details.
SLF4J(W): Class path contains SLF4J bindings targeting slf4j-api versions 1.7.x or earlier.
SLF4J(W): Ignoring binding found at [jar:file:/C:/Users/Admin/.m2/repository/org/apache/logging/log4j/log4j-slf4j-impl/2.25.1/log4j-slf4j-impl-2.25.1.jar!/org/slf4j/impl/StaticLoggerBinder.class]
SLF4J(W): See https://www.slf4j.org/codes.html#ignoredBindings for an explanation.
Jul 20, 2025 6:36:06 PM org.openqa.selenium.devtools.CdpVersionFinder findNearestMatch
WARNING: Unable to find CDP implementation matching 131
Jul 20, 2025 6:36:06 PM org.openqa.selenium.chromium.ChromiumDriver lambda$new$5
WARNING: Unable to find version of CDP to use for 131.0.6778.265. You may need to include a dependency on a specific version of the CDP using something similar to `org.seleniumhq.selenium:selenium-devtools-v86:4.21.0` where the version ("v86") matches the version of the chromium-based browser you're using and the version number of the artifact is the same as Selenium's.
]]></system-err>
  </testcase>
  <testcase name="testAffordableNavigation" classname="tests.EntrataTests" time="9.29">
    <system-out><![CDATA[[2025-07-20 18:36:18] [main] INFO  EntrataTests - Test: Navigate to Affordable
[2025-07-20 18:36:18] [main] INFO  Home - Opening URL: https://www.entrata.com
[2025-07-20 18:36:23] [main] INFO  Home - Navigating to Solutions Menu
[2025-07-20 18:36:28] [main] INFO  ScreenshotUtil - Screenshot saved to: screenshots/Affordable_Page_20250720_183628.png
[2025-07-20 18:36:28] [main] INFO  EntrataTests - Page title after navigation: Intuitive Affordable Housing software with workflows to keep you sane.
]]></system-out>
  </testcase>
  <testcase name="testVideoPlay" classname="tests.EntrataTests" time="5.881">
    <system-out><![CDATA[[2025-07-20 18:36:28] [main] INFO  EntrataTests - Test:Video play
[2025-07-20 18:36:28] [main] INFO  Home - Opening URL: https://www.entrata.com
[2025-07-20 18:36:32] [main] INFO  Home - Navigating to Video play
]]></system-out>
  </testcase>
  <testcase name="testDemo" classname="tests.EntrataTests" time="15.886">
    <system-out><![CDATA[[2025-07-20 18:36:34] [main] INFO  EntrataTests - Test:Navigation to Watch Demo and fill form
[2025-07-20 18:36:34] [main] INFO  Home - Opening URL: https://www.entrata.com
[2025-07-20 18:36:44] [main] INFO  Home - Clicking on 'Watch demo'
[2025-07-20 18:36:50] [main] INFO  ScreenshotUtil - Screenshot saved to: screenshots/DemoFormFilled_20250720_183650.png
[2025-07-20 18:36:50] [main] INFO  EntrataTests - Demo form filled successfully.
]]></system-out>
  </testcase>
</testsuite>