<?xml version="1.0" encoding="UTF-8"?>
<testng-results ignored="0" total="4" passed="4" failed="0" skipped="0">
  <reporter-output>
  </reporter-output>
  <suite started-at="2025-07-20T18:36:04 IST" name="Surefire suite" finished-at="2025-07-20T18:36:50 IST" duration-ms="45980">
    <groups>
    </groups>
    <test started-at="2025-07-20T18:36:04 IST" name="Surefire test" finished-at="2025-07-20T18:36:50 IST" duration-ms="45980">
      <class name="base.BaseTest">
        <test-method is-config="true" signature="initializeExtentReports()[pri:0, instance:base.BaseTest@63b1d4fa]" started-at="2025-07-20T18:36:04 IST" name="initializeExtentReports" finished-at="2025-07-20T18:36:04 IST" duration-ms="366" status="PASS">
          <reporter-output>
          </reporter-output>
        </test-method> <!-- initializeExtentReports -->
        <test-method is-config="true" signature="flushExtentReports()[pri:0, instance:base.BaseTest@63b1d4fa]" started-at="2025-07-20T18:36:50 IST" name="flushExtentReports" finished-at="2025-07-20T18:36:50 IST" duration-ms="465" status="PASS">
          <reporter-output>
          </reporter-output>
        </test-method> <!-- flushExtentReports -->
      </class> <!-- base.BaseTest -->
      <class name="tests.EntrataTests">
        <test-method is-config="true" signature="launchBrowser()[pri:0, instance:tests.EntrataTests@4c4d27c8]" started-at="2025-07-20T18:36:04 IST" name="launchBrowser" finished-at="2025-07-20T18:36:07 IST" duration-ms="2639" status="PASS">
          <reporter-output>
          </reporter-output>
        </test-method> <!-- launchBrowser -->
        <test-method signature="testSignInButton()[pri:1, instance:tests.EntrataTests@4c4d27c8]" started-at="2025-07-20T18:36:07 IST" name="testSignInButton" finished-at="2025-07-20T18:36:18 IST" duration-ms="11848" status="PASS">
          <reporter-output>
          </reporter-output>
        </test-method> <!-- testSignInButton -->
        <test-method is-config="true" signature="handleTestFailure(org.testng.ITestResult)[pri:0, instance:tests.EntrataTests@4c4d27c8]" started-at="2025-07-20T18:36:18 IST" name="handleTestFailure" finished-at="2025-07-20T18:36:18 IST" duration-ms="3" status="PASS">
          <params>
            <param index="0">
              <value>
                <![CDATA[[TestResult name=testSignInButton status=SUCCESS method=EntrataTests.testSignInButton()[pri:1, instance:tests.EntrataTests@4c4d27c8] output={null}]]]>
              </value>
            </param>
          </params>
          <reporter-output>
          </reporter-output>
        </test-method> <!-- handleTestFailure -->
        <test-method signature="testAffordableNavigation()[pri:2, instance:tests.EntrataTests@4c4d27c8]" started-at="2025-07-20T18:36:18 IST" name="testAffordableNavigation" finished-at="2025-07-20T18:36:28 IST" duration-ms="9287" status="PASS">
          <reporter-output>
          </reporter-output>
        </test-method> <!-- testAffordableNavigation -->
        <test-method is-config="true" signature="handleTestFailure(org.testng.ITestResult)[pri:0, instance:tests.EntrataTests@4c4d27c8]" started-at="2025-07-20T18:36:28 IST" name="handleTestFailure" finished-at="2025-07-20T18:36:28 IST" duration-ms="1" status="PASS">
          <params>
            <param index="0">
              <value>
                <![CDATA[[TestResult name=testAffordableNavigation status=SUCCESS method=EntrataTests.testAffordableNavigation()[pri:2, instance:tests.EntrataTests@4c4d27c8] output={null}]]]>
              </value>
            </param>
          </params>
          <reporter-output>
          </reporter-output>
        </test-method> <!-- handleTestFailure -->
        <test-method signature="testVideoPlay()[pri:3, instance:tests.EntrataTests@4c4d27c8]" started-at="2025-07-20T18:36:28 IST" name="testVideoPlay" finished-at="2025-07-20T18:36:34 IST" duration-ms="5883" status="PASS">
          <reporter-output>
          </reporter-output>
        </test-method> <!-- testVideoPlay -->
        <test-method is-config="true" signature="handleTestFailure(org.testng.ITestResult)[pri:0, instance:tests.EntrataTests@4c4d27c8]" started-at="2025-07-20T18:36:34 IST" name="handleTestFailure" finished-at="2025-07-20T18:36:34 IST" duration-ms="3" status="PASS">
          <params>
            <param index="0">
              <value>
                <![CDATA[[TestResult name=testVideoPlay status=SUCCESS method=EntrataTests.testVideoPlay()[pri:3, instance:tests.EntrataTests@4c4d27c8] output={null}]]]>
              </value>
            </param>
          </params>
          <reporter-output>
          </reporter-output>
        </test-method> <!-- handleTestFailure -->
        <test-method signature="testDemo()[pri:4, instance:tests.EntrataTests@4c4d27c8]" started-at="2025-07-20T18:36:34 IST" name="testDemo" finished-at="2025-07-20T18:36:50 IST" duration-ms="15886" status="PASS">
          <reporter-output>
          </reporter-output>
        </test-method> <!-- testDemo -->
        <test-method is-config="true" signature="handleTestFailure(org.testng.ITestResult)[pri:0, instance:tests.EntrataTests@4c4d27c8]" started-at="2025-07-20T18:36:50 IST" name="handleTestFailure" finished-at="2025-07-20T18:36:50 IST" duration-ms="0" status="PASS">
          <params>
            <param index="0">
              <value>
                <![CDATA[[TestResult name=testDemo status=SUCCESS method=EntrataTests.testDemo()[pri:4, instance:tests.EntrataTests@4c4d27c8] output={null}]]]>
              </value>
            </param>
          </params>
          <reporter-output>
          </reporter-output>
        </test-method> <!-- handleTestFailure -->
        <test-method is-config="true" signature="closeBrowser()[pri:0, instance:tests.EntrataTests@4c4d27c8]" started-at="2025-07-20T18:36:50 IST" name="closeBrowser" finished-at="2025-07-20T18:36:50 IST" duration-ms="360" status="PASS">
          <reporter-output>
          </reporter-output>
        </test-method> <!-- closeBrowser -->
      </class> <!-- tests.EntrataTests -->
    </test> <!-- Surefire test -->
  </suite> <!-- Surefire suite -->
</testng-results>
